[12:16:29] [ServerMain/INFO]: Environment: Environment[sessionHost=https://sessionserver.mojang.com, servicesHost=https://api.minecraftservices.com, profilesHost=https://api.mojang.com, name=PROD]
[12:16:32] [ServerMain/INFO]: Loaded 1461 recipes
[12:16:32] [ServerMain/INFO]: Loaded 1574 advancements
[12:16:32] [Server thread/INFO]: Starting minecraft server version 1.21.10
[12:16:32] [Server thread/INFO]: Loading properties
[12:16:32] [Server thread/INFO]: Default game type: SURVIVAL
[12:16:32] [Server thread/INFO]: Generating keypair
[12:16:32] [Server thread/INFO]: Starting Minecraft server on *:25565
[12:16:32] [Server thread/INFO]: Using epoll channel type
[12:16:32] [Server thread/WARN]: **** SERVER IS RUNNING IN OFFLINE/INSECURE MODE!
[12:16:32] [Server thread/WARN]: The server will make no attempt to authenticate usernames. Beware.
[12:16:32] [Server thread/WARN]: While this makes the game possible to play without internet access, it also opens up the ability for hackers to connect with any username they choose.
[12:16:32] [Server thread/WARN]: To change this, set "online-mode" to "true" in the server.properties file.
[12:16:32] [Server thread/INFO]: Preparing level "world"
[12:16:32] [Server thread/INFO]: Loading 0 persistent chunks...
[12:16:32] [Server thread/INFO]: Preparing spawn area: 100%
[12:16:32] [Server thread/INFO]: Time elapsed: 13 ms
[12:16:32] [Server thread/INFO]: Done (0.340s)! For help, type "help"
[12:16:50] [Server thread/INFO]: Zy0r[/10.242.149.228:61184] logged in with entity id 47 at (-803.7510677933041, 0.5625, 135.02553425513454)
[12:16:50] [Server thread/INFO]: Zy0r joined the game
[12:23:09] [Server thread/INFO]: Zy0r has made the advancement [Under Lock and Key]
[12:26:32] [Server thread/WARN]: Zy0r moved wrongly!
[12:26:39] [Server thread/WARN]: Zy0r moved wrongly!
[12:26:42] [Server thread/WARN]: Zy0r moved wrongly!
[12:26:42] [Server thread/WARN]: Zy0r moved wrongly!
[12:26:48] [Server thread/WARN]: Zy0r moved wrongly!
[12:27:20] [Server thread/WARN]: Zy0r moved wrongly!
[12:27:21] [Server thread/WARN]: Zy0r moved wrongly!
[12:27:24] [Server thread/WARN]: Zy0r moved wrongly!
[12:27:25] [Server thread/WARN]: Zy0r moved wrongly!
[12:27:27] [Server thread/WARN]: Zy0r moved wrongly!
[12:28:05] [Server thread/INFO]: Zy0r has made the advancement [Sneak 100]
[12:30:26] [Server thread/WARN]: Zy0r moved too quickly! 9.437210502251954,0.0,-9.018920838393427
[12:31:24] [Server thread/INFO]: Seed: [-7638173017425215392]
[12:35:17] [Server thread/INFO]: [Zy0r: Teleported Zy0r to -2927.500000, 63.000000, -1503.500000]
[12:35:21] [Server thread/WARN]: Can't keep up! Is the server overloaded? Running 4095ms or 81 ticks behind
[12:35:37] [Server thread/WARN]: Zy0r moved too quickly! 0.0,20.0,0.0
[12:35:41] [Server thread/WARN]: Zy0r moved too quickly! 0.0,40.0,0.0
[12:35:54] [Server thread/INFO]: [Zy0r: Teleported Zy0r to -2927.500000, 70.000000, -1503.500000]
[12:36:15] [Server thread/INFO]: [Zy0r: Teleported Zy0r to -2927.500000, 100.000000, -1503.500000]
[12:37:24] [Server thread/WARN]: Zy0r moved too quickly! 11.997453076396596,0.0,-2.0839968202596992
[12:38:08] [Server thread/INFO]: [Zy0r: Teleported Zy0r to -11631.500000, 70.000000, -175.500000]
[12:38:12] [Server thread/WARN]: Can't keep up! Is the server overloaded? Running 3945ms or 78 ticks behind
[12:40:26] [Server thread/INFO]: [Zy0r: Teleported Zy0r to -19919.500000, 68.000000, -7007.500000]
[12:40:30] [Server thread/WARN]: Can't keep up! Is the server overloaded? Running 3953ms or 79 ticks behind
[12:41:58] [Server thread/WARN]: Zy0r moved wrongly!
[12:41:59] [Server thread/WARN]: Zy0r moved wrongly!
[12:42:18] [Server thread/INFO]: [Zy0r: Teleported Zy0r to -20511.500000, 73.000000, -7311.500000]
[12:42:20] [Server thread/WARN]: Zy0r moved too quickly! 0.0,-10.806526110008996,0.0
[12:42:20] [Server thread/WARN]: Can't keep up! Is the server overloaded? Running 2245ms or 44 ticks behind
[12:44:15] [Server thread/INFO]: [Zy0r: Teleported Zy0r to -23183.500000, 70.000000, -6687.500000]
[12:44:18] [Server thread/WARN]: Can't keep up! Is the server overloaded? Running 2730ms or 54 ticks behind
[12:45:26] [Server thread/INFO]: [Zy0r: Teleported Zy0r to -23183.500000, 100.000000, -6687.500000]
[12:47:13] [Server thread/INFO]: [Zy0r: Teleported Zy0r to -22735.500000, 78.000000, -5775.500000]
[12:47:16] [Server thread/WARN]: Can't keep up! Is the server overloaded? Running 2239ms or 44 ticks behind
[12:51:12] [Server thread/INFO]: [Zy0r: Teleported Zy0r to -20511.500000, 63.000000, -7314.500000]
[12:51:49] [Server thread/WARN]: Zy0r moved wrongly!
[12:52:06] [Server thread/WARN]: Zy0r moved wrongly!
[12:52:33] [Server thread/INFO]: [Zy0r: Teleported Zy0r to -20511.500000, 63.000000, -7314.500000]
[12:55:18] [Server thread/INFO]: hoa_xd[/10.242.148.126:60584] logged in with entity id 26086 at (192.52601382669283, -8.0, 2314.584374534065)
[12:55:18] [Server thread/INFO]: hoa_xd joined the game
[12:55:27] [Server thread/INFO]: [Not Secure] <hoa_xd> ola :3
[12:55:47] [Server thread/INFO]: [Not Secure] <Zy0r> buenas
[12:56:26] [Server thread/INFO]: hoa_xd lost connection: Disconnected
[12:56:26] [Server thread/INFO]: hoa_xd left the game
[13:01:51] [Server thread/WARN]: Zy0r moved wrongly!
[13:05:57] [Server thread/WARN]: Zy0r moved wrongly!
[13:05:59] [Server thread/WARN]: Zy0r moved wrongly!
[13:05:59] [Server thread/WARN]: Zy0r moved wrongly!
[13:05:59] [Server thread/WARN]: Zy0r moved wrongly!
[13:06:12] [Server thread/WARN]: Zy0r moved wrongly!
[13:08:38] [Server thread/WARN]: Zy0r moved wrongly!
[13:08:39] [Server thread/WARN]: Zy0r moved wrongly!
[13:15:38] [Server thread/INFO]: Zy0r lost connection: Disconnected
[13:15:38] [Server thread/INFO]: Zy0r left the game
[13:16:01] [Server thread/INFO]: Stopping the server
[13:16:01] [Server thread/INFO]: Stopping server
[13:16:01] [Server thread/INFO]: Saving players
[13:16:01] [Server thread/INFO]: Saving worlds
[13:16:01] [Server thread/INFO]: Saving chunks for level 'ServerLevel[world]'/minecraft:overworld
[13:16:01] [Server thread/INFO]: Saving chunks for level 'ServerLevel[world]'/minecraft:the_end
[13:16:01] [Server thread/INFO]: Saving chunks for level 'ServerLevel[world]'/minecraft:the_nether
[13:16:01] [Server thread/INFO]: ThreadedAnvilChunkStorage (world): All chunks are saved
[13:16:01] [Server thread/INFO]: ThreadedAnvilChunkStorage (DIM1): All chunks are saved
[13:16:01] [Server thread/INFO]: ThreadedAnvilChunkStorage (DIM-1): All chunks are saved
[13:16:01] [Server thread/INFO]: ThreadedAnvilChunkStorage: All dimensions are saved
